Arguments: 
  C:\Program Files\nodejs\node.exe C:\Users\ES-PC\AppData\Roaming\npm\node_modules\yarn\bin\yarn.js add extract-text-webpack-plugin --dev

PATH: 
  C:\Users\ES-PC\bin;C:\Program Files\Git\mingw64\bin;C:\Program Files\Git\usr\local\bin;C:\Program Files\Git\usr\bin;C:\Program Files\Git\usr\bin;C:\Program Files\Git\mingw64\bin;C:\Program Files\Git\usr\bin;C:\Users\ES-PC\bin;C:\WINDOWS\system32;C:\WINDOWS;C:\WINDOWS\System32\Wbem;C:\WINDOWS\System32\WindowsPowerShell\v1.0;C:\WINDOWS\System32\OpenSSH;C:\Program Files\Git\usr\bin;C:\Users\ES-PC\AppData\Roaming\nvm;C:\Program Files\nodejs;C:\Users\ES-PC\AppData\Roaming\nvm;C:\Users\ES-PC\AppData\Local\Programs\Python\Python36_bak\Scripts;C:\Users\ES-PC\AppData\Local\Programs\Python\Python36_bak;C:\Users\ES-PC\AppData\Local\Microsoft\WindowsApps;C:\Users\ES-PC\AppData\Local\Programs\Microsoft VS Code\bin;C:\Users\ES-PC\AppData\Roaming\npm;C:\Program Files (x86)\wkhtmltopdf;C:\Python27;C:\Python27\Scripts;C:\Users\ES-PC\AppData\Roaming\nvm;C:\Program Files\nodejs;C:\Program Files\Git\usr\bin\vendor_perl;C:\Program Files\Git\usr\bin\core_perl

Yarn version: 
  1.22.4

Node version: 
  12.13.1

Platform: 
  win32 x64

Trace: 
  Error: ENOENT: no such file or directory, copyfile 'C:\Users\ES-PC\AppData\Local\Yarn\Cache\v6\npm-ms-2.1.2-d09d1f357b443f493382a8eb3ccd183872ae6009-integrity\node_modules\ms\license.md' -> 'C:\Users\ES-PC\Documents\workspace\nomo-admin\node_modules\@babel\core\node_modules\ms\license.md'

npm manifest: 
  {
    "name": "nomo-admin",
    "version": "1.0.0",
    "description": "A project for nomo admin!",
    "main": "index.ts",
    "scripts": {
      "build": "cross-env NODE_ENV=production webpack --config ./config/webpack.prod.conf.js",
      "start": "cross-env NODE_ENV=development webpack-dev-server --config ./config/webpack.dev.conf.js",
      "test": "echo \" no test \" && exit 1"
    },
    "repository": "git@github.com:JackDan9/nomo-admin.git",
    "author": "jackdan <1835812864@qq.com>",
    "license": "MIT",
    "dependencies": {
      "@ant-design/icons": "^4.2.2",
      "@antv/data-set": "^0.10.2",
      "@types/react-router-dom": "^5.1.5",
      "antd": "^4.6.2",
      "axios": "^0.19.0",
      "babel-polyfill": "^6.26.0",
      "bizcharts": "^3.5.4",
      "classnames": "^2.2.6",
      "mobx": "^5.15.6",
      "mobx-react": "^6.3.0",
      "mockjs": "^1.0.1-beta3",
      "react": "^16.8.6",
      "react-custom-scrollbars": "^4.2.1",
      "react-dom": "^16.8.6",
      "react-router-dom": "^5.2.0"
    },
    "devDependencies": {
      "@types/classnames": "^2.2.7",
      "@svgr/webpack": "^4.3.2",
      "@types/react": "^16.8.23",
      "@types/react-custom-scrollbars": "^4.0.6",
      "@types/react-dom": "^16.8.4",
      "babel-core": "^6.26.3",
      "babel-loader": "^7.1.5",
      "babel-plugin-import": "^1.11.0",
      "babel-plugin-transform-runtime": "^6.23.0",
      "babel-preset-env": "^1.7.0",
      "babel-preset-react": "^6.24.1",
      "babel-preset-stage-2": "^6.24.1",
      "clean-webpack-plugin": "^2.0.1",
      "copy-webpack-plugin": "^5.1.0",
      "cross-env": "^5.2.0",
      "css-loader": "^1.0.0",
      "file-loader": "^1.1.11",
      "html-webpack-plugin": "^3.2.0",
      "less": "^3.9.0",
      "less-loader": "^5.0.0",
      "mini-css-extract-plugin": "^0.6.0",
      "raw-loader": "^3.1.0",
      "sass-resources-loader": "^2.0.1",
      "style-loader": "^0.21.0",
      "ts-loader": "^6.0.4",
      "tslint": "^5.18.0",
      "tslint-config-prettier": "^1.18.0",
      "tslint-react": "^4.0.0",
      "typescript": "^3.5.3",
      "url-loader": "^1.0.1",
      "webpack": "^4.36.1",
      "webpack-cli": "^3.3.6",
      "webpack-dev-server": "^3.7.2",
      "webpack-merge": "^4.2.1"
    }
  }

yarn manifest: 
  No manifest

Lockfile: 
  No lockfile
